<?xml version="1.0" encoding="UTF-8" ?>
<testsuite tests="18" failures="0" name="ejagruti.Finsys.operations.runTest" time="0.005" errors="0" skipped="0">
  <properties>
[...]
</properties>
  <testcase classname="Scenario: Login Functionality for valid username and password" name="When User opens the Chrome browser" time="0.004"/>
  <testcase classname="Scenario: Login Functionality for valid username and password" name="And User enters the URL &quot;http://server:90/finsys/login.html&quot;" time="0"/>
  <testcase classname="Scenario: Login Functionality for valid username and password" name="Given User is on the applications &quot;Login to SBDC&quot; page" time="0"/>
  <testcase classname="Scenario: Login Functionality for valid username and password" name="When user enters &quot;dummyfm&quot; as username" time="0"/>
  <testcase classname="Scenario: Login Functionality for valid username and password" name="And user enters &quot;passw0rd&quot; as password" time="0"/>
  <testcase classname="Scenario: Login Functionality for valid username and password" name="And user clicks on login button" time="0"/>
  <testcase classname="Scenario: Login Functionality for valid username and password" name="Then user is on the applications home page" time="0"/>
  <testcase classname="Scenario: Login Functionality for valid username and password" name="And user gets the message starting with &quot;Welcome&quot; on the top" time="0"/>
  <testcase classname="Scenario: Login Functionality for valid username and password" name="Scenario: Login Functionality for valid username and password" time="0.001"/>
  <testcase classname="Scenario: Login Functionality for Invalid username and password" name="When User opens the Chrome browser" time="0"/>
  <testcase classname="Scenario: Login Functionality for Invalid username and password" name="And User enters the URL &quot;http://server:90/finsys/login.html&quot;" time="0"/>
  <testcase classname="Scenario: Login Functionality for Invalid username and password" name="Given User is on the applications &quot;Login to SBDC&quot; page" time="0"/>
  <testcase classname="Scenario: Login Functionality for Invalid username and password" name="When user enters &quot;dummy&quot; as username" time="0"/>
  <testcase classname="Scenario: Login Functionality for Invalid username and password" name="And user enters &quot;passwd&quot; as password" time="0"/>
  <testcase classname="Scenario: Login Functionality for Invalid username and password" name="And user clicks on login button" time="0"/>
  <testcase classname="Scenario: Login Functionality for Invalid username and password" name="Then user is on the application Login page with Error message" time="0"/>
  <testcase classname="Scenario: Login Functionality for Invalid username and password" name="And User gets the Error message &quot;Please Enter Valid Username or Password!!!&quot; at the bottom" time="0"/>
  <testcase classname="Scenario: Login Functionality for Invalid username and password" name="Scenario: Login Functionality for Invalid username and password" time="0"/>
</testsuite>